[21:06:27] [ServerMain/INFO]: [bootstrap] Running Java 21 (OpenJDK 64-Bit Server VM 21.0.8+9-Ubuntu-0ubuntu124.04.1; Ubuntu null) on Linux 6.8.0-1030-azure (amd64)
[21:06:27] [ServerMain/INFO]: [bootstrap] Loading Paper 1.21.8-6-main@782ce95 (2025-07-18T20:26:58Z) for Minecraft 1.21.8
[21:06:27] [ServerMain/INFO]: [PluginInitializerManager] Initializing plugins...
[21:06:27] [ServerMain/INFO]: [PluginInitializerManager] Initialized 0 plugins
[21:06:28] [Paper Plugin Remapper Thread - 0/INFO]: [ReobfServer] Remapping server...
[21:06:35] [ServerMain/INFO]: Environment: Environment[sessionHost=https://sessionserver.mojang.com, servicesHost=https://api.minecraftservices.com, name=PROD]
[21:06:35] [ServerMain/INFO]: Found new data pack file/bukkit, loading it automatically
[21:06:35] [ServerMain/INFO]: Found new data pack paper, loading it automatically
[21:06:36] [ServerMain/INFO]: No existing world data, creating new world
[21:06:37] [Paper Plugin Remapper Thread - 0/INFO]: [ReobfServer] Done remapping server in 8762ms.
[21:06:38] [ServerMain/INFO]: Loaded 1407 recipes
[21:06:38] [ServerMain/INFO]: Loaded 1520 advancements
[21:06:38] [ServerMain/INFO]: [ca.spottedleaf.dataconverter.minecraft.datatypes.MCTypeRegistry] Initialising converters for DataConverter...
[21:06:38] [ServerMain/INFO]: [ca.spottedleaf.dataconverter.minecraft.datatypes.MCTypeRegistry] Finished initialising converters for DataConverter in 475.1ms
[21:06:38] [Server thread/INFO]: Starting minecraft server version 1.21.8
[21:06:38] [Server thread/INFO]: Loading properties
[21:06:38] [Server thread/INFO]: This server is running Paper version 1.21.8-6-main@782ce95 (2025-07-18T20:26:58Z) (Implementing API version 1.21.8-R0.1-SNAPSHOT)
[21:06:38] [Server thread/INFO]: [spark] This server bundles the spark profiler. For more information please visit https://docs.papermc.io/paper/profiling
[21:06:38] [Server thread/INFO]: Server Ping Player Sample Count: 12
[21:06:38] [Server thread/INFO]: Using 4 threads for Netty based IO
[21:06:39] [Server thread/INFO]: [MoonriseCommon] Paper is using 1 worker threads, 1 I/O threads
[21:06:39] [Server thread/INFO]: [ChunkTaskScheduler] Chunk system is using population gen parallelism: true
[21:06:39] [Server thread/INFO]: Default game type: SURVIVAL
[21:06:39] [Server thread/INFO]: Generating keypair
[21:06:39] [Server thread/INFO]: Starting Minecraft server on *:25565
[21:06:39] [Server thread/INFO]: Using epoll channel type
[21:06:39] [Server thread/INFO]: Paper: Using libdeflate (Linux x86_64) compression from Velocity.
[21:06:39] [Server thread/INFO]: Paper: Using OpenSSL 3.x.x (Linux x86_64) cipher from Velocity.
[21:06:39] [Server thread/WARN]: **** SERVER IS RUNNING IN OFFLINE/INSECURE MODE!
[21:06:39] [Server thread/WARN]: The server will make no attempt to authenticate usernames. Beware.
[21:06:39] [Server thread/WARN]: While this makes the game possible to play without internet access, it also opens up the ability for hackers to connect with any username they choose.
[21:06:39] [Server thread/WARN]: To change this, set "online-mode" to "true" in the server.properties file.
[21:06:39] [Server thread/INFO]: Preparing level "world"
[21:06:51] [Server thread/INFO]: Preparing start region for dimension minecraft:overworld
[21:06:51] [Server thread/INFO]: Preparing spawn area: 2%
[21:06:51] [Server thread/INFO]: Preparing spawn area: 2%
[21:06:52] [Server thread/INFO]: Preparing spawn area: 2%
[21:06:52] [Server thread/INFO]: Preparing spawn area: 2%
[21:06:53] [Server thread/INFO]: Preparing spawn area: 4%
[21:06:53] [Server thread/INFO]: Preparing spawn area: 18%
[21:06:54] [Server thread/INFO]: Preparing spawn area: 18%
[21:06:54] [Server thread/INFO]: Preparing spawn area: 18%
[21:06:55] [Server thread/INFO]: Preparing spawn area: 42%
[21:06:55] [Server thread/INFO]: Preparing spawn area: 51%
[21:06:56] [Server thread/INFO]: Preparing spawn area: 65%
[21:06:56] [Server thread/INFO]: Preparing spawn area: 65%
[21:06:57] [Server thread/INFO]: Time elapsed: 5758 ms
[21:06:57] [Server thread/INFO]: Preparing start region for dimension minecraft:the_nether
[21:06:57] [Server thread/INFO]: Preparing spawn area: 2%
[21:06:57] [Server thread/INFO]: Preparing spawn area: 2%
[21:06:58] [Server thread/INFO]: Preparing spawn area: 26%
[21:06:58] [Server thread/INFO]: Preparing spawn area: 51%
[21:06:58] [Server thread/INFO]: Time elapsed: 1791 ms
[21:06:58] [Server thread/INFO]: Preparing start region for dimension minecraft:the_end
[21:06:58] [Server thread/INFO]: Preparing spawn area: 2%
[21:06:59] [Server thread/INFO]: Preparing spawn area: 18%
[21:06:59] [Server thread/INFO]: Time elapsed: 703 ms
[21:06:59] [Server thread/INFO]: [spark] Starting background profiler...
[21:07:00] [Server thread/INFO]: Done preparing level "world" (20.250s)
[21:07:00] [Server thread/INFO]: Running delayed init tasks
[21:07:00] [Server thread/INFO]: Done (33.514s)! For help, type "help"
[21:07:00] [Server thread/INFO]: *************************************************************************************
[21:07:00] [Server thread/INFO]: This is the first time you're starting this server.
[21:07:00] [Server thread/INFO]: It's recommended you read our 'Getting Started' documentation for guidance.
[21:07:00] [Server thread/INFO]: View this and more helpful information here: https://docs.papermc.io/paper/next-steps
[21:07:00] [Server thread/INFO]: *************************************************************************************
[21:08:08] [Server thread/INFO]: Stopping server
[21:08:08] [Server thread/INFO]: Saving players
[21:08:08] [Server thread/INFO]: Saving worlds
[21:08:08] [Server thread/INFO]: Saving chunks for level 'ServerLevel[world]'/minecraft:overworld
[21:08:08] [Server thread/INFO]: [ChunkHolderManager] Waiting 60s for chunk system to halt for world 'world'
[21:08:08] [Server thread/INFO]: [ChunkHolderManager] Halted chunk system for world 'world'
[21:08:08] [Server thread/INFO]: [ChunkHolderManager] Saving all chunkholders for world 'world'
[21:08:09] [Server thread/INFO]: [ChunkHolderManager] Saved 841 block chunks, 49 entity chunks, 0 poi chunks in world 'world' in 0.96s
[21:08:09] [Server thread/INFO]: [ChunkHolderManager] Waiting 60s for chunk I/O to halt for world 'world'
[21:08:09] [Server thread/INFO]: [ChunkHolderManager] Halted I/O scheduler for world 'world'
[21:08:09] [Server thread/INFO]: Saving chunks for level 'ServerLevel[world_nether]'/minecraft:the_nether
[21:08:09] [Server thread/INFO]: [ChunkHolderManager] Waiting 60s for chunk system to halt for world 'world_nether'
[21:08:09] [Server thread/INFO]: [ChunkHolderManager] Halted chunk system for world 'world_nether'
[21:08:09] [Server thread/INFO]: [ChunkHolderManager] Saving all chunkholders for world 'world_nether'
[21:08:09] [Server thread/INFO]: [ChunkHolderManager] Saved 841 block chunks, 49 entity chunks, 0 poi chunks in world 'world_nether' in 0.42s
[21:08:09] [Server thread/INFO]: [ChunkHolderManager] Waiting 60s for chunk I/O to halt for world 'world_nether'
[21:08:09] [Server thread/INFO]: [ChunkHolderManager] Halted I/O scheduler for world 'world_nether'
[21:08:09] [Server thread/INFO]: Saving chunks for level 'ServerLevel[world_the_end]'/minecraft:the_end
[21:08:09] [Server thread/INFO]: [ChunkHolderManager] Waiting 60s for chunk system to halt for world 'world_the_end'
[21:08:09] [Server thread/INFO]: [ChunkHolderManager] Halted chunk system for world 'world_the_end'
[21:08:09] [Server thread/INFO]: [ChunkHolderManager] Saving all chunkholders for world 'world_the_end'
[21:08:10] [Server thread/INFO]: [ChunkHolderManager] Saved 841 block chunks, 49 entity chunks, 0 poi chunks in world 'world_the_end' in 0.31s
[21:08:10] [Server thread/INFO]: [ChunkHolderManager] Waiting 60s for chunk I/O to halt for world 'world_the_end'
[21:08:10] [Server thread/INFO]: [ChunkHolderManager] Halted I/O scheduler for world 'world_the_end'
[21:08:10] [Server thread/INFO]: ThreadedAnvilChunkStorage (world): All chunks are saved
[21:08:10] [Server thread/INFO]: ThreadedAnvilChunkStorage (DIM-1): All chunks are saved
[21:08:10] [Server thread/INFO]: ThreadedAnvilChunkStorage (DIM1): All chunks are saved
[21:08:10] [Server thread/INFO]: ThreadedAnvilChunkStorage: All dimensions are saved
[21:08:10] [Server thread/INFO]: Waiting for all RegionFile I/O tasks to complete...
[21:08:10] [Server thread/INFO]: All RegionFile I/O tasks to complete
[21:08:10] [Server thread/INFO]: [MoonriseCommon] Awaiting termination of worker pool for up to 60s...
[21:08:10] [Server thread/INFO]: [MoonriseCommon] Awaiting termination of I/O pool for up to 60s...
